<?xml version="1.0" encoding="UTF-8"?>
<testng-results ignored="0" total="2" passed="2" failed="0" skipped="0">
  <reporter-output>
  </reporter-output>
  <suite started-at="2024-12-20T22:26:54 IST" name="Default suite" finished-at="2024-12-20T22:27:13 IST" duration-ms="18806">
    <groups>
      <group name="cucumber">
        <method signature="AbstractTestNGCucumberTests.runScenario(io.cucumber.testng.PickleWrapper,io.cucumber.testng.FeatureWrapper)[pri:0, instance:runners.GooglePageRunner@3eb25e1a]" name="runScenario" class="io.cucumber.testng.AbstractTestNGCucumberTests"/>
      </group> <!-- cucumber -->
    </groups>
    <test started-at="2024-12-20T22:26:54 IST" name="Default test" finished-at="2024-12-20T22:27:13 IST" duration-ms="18806">
      <class name="runners.GooglePageRunner">
        <test-method is-config="true" signature="setUpClass(org.testng.ITestContext)[pri:0, instance:runners.GooglePageRunner@3eb25e1a]" started-at="2024-12-20T22:26:54 IST" name="setUpClass" finished-at="2024-12-20T22:26:54 IST" duration-ms="604" status="PASS">
          <params>
            <param index="0">
              <value>
                <![CDATA[org.testng.TestRunner@7c129ef6]]>
              </value>
            </param>
          </params>
          <reporter-output>
          </reporter-output>
        </test-method> <!-- setUpClass -->
        <test-method signature="runScenario(io.cucumber.testng.PickleWrapper,io.cucumber.testng.FeatureWrapper)[pri:0, instance:runners.GooglePageRunner@3eb25e1a]" started-at="2024-12-20T22:26:54 IST" name="runScenario" description="Runs Cucumber Scenarios" data-provider="scenarios" finished-at="2024-12-20T22:27:00 IST" duration-ms="5382" status="PASS">
          <params>
            <param index="0">
              <value>
                <![CDATA["User searches for "Selenium" on Google"]]>
              </value>
            </param>
            <param index="1">
              <value>
                <![CDATA["Google search functionality"]]>
              </value>
            </param>
          </params>
          <reporter-output>
          </reporter-output>
        </test-method> <!-- runScenario -->
        <test-method signature="runScenario(io.cucumber.testng.PickleWrapper,io.cucumber.testng.FeatureWrapper)[pri:0, instance:runners.GooglePageRunner@3eb25e1a]" started-at="2024-12-20T22:27:00 IST" name="runScenario" description="Runs Cucumber Scenarios" data-provider="scenarios" finished-at="2024-12-20T22:27:13 IST" duration-ms="12738" status="PASS">
          <params>
            <param index="0">
              <value>
                <![CDATA["User searches for "Java" on Google"]]>
              </value>
            </param>
            <param index="1">
              <value>
                <![CDATA["Google search functionality"]]>
              </value>
            </param>
          </params>
          <reporter-output>
          </reporter-output>
        </test-method> <!-- runScenario -->
        <test-method is-config="true" signature="tearDownClass()[pri:0, instance:runners.GooglePageRunner@3eb25e1a]" started-at="2024-12-20T22:27:13 IST" name="tearDownClass" finished-at="2024-12-20T22:27:13 IST" duration-ms="44" status="PASS">
          <reporter-output>
          </reporter-output>
        </test-method> <!-- tearDownClass -->
      </class> <!-- runners.GooglePageRunner -->
    </test> <!-- Default test -->
  </suite> <!-- Default suite -->
</testng-results>
