<?xml version="1.0" encoding="UTF-8"?>
<!-- Generated by org.testng.reporters.JUnitReportReporter -->
<testsuite hostname="ShariefShaik" failures="0" tests="1" name="runners.GooglePageRunner" time="1.310" errors="1" timestamp="2024-12-20T00:28:16 IST" skipped="0">
  <testcase classname="runners.GooglePageRunner" name="runScenario" time="1.310">
    <error message="The path to the driver executable The path to the driver executable must be set by the webdriver.chrome.driver system property; for more information, see https://chromedriver.chromium.org/. The latest version can be downloaded from https://chromedriver.chromium.org/downloads" type="java.lang.IllegalStateException">
      <![CDATA[java.lang.IllegalStateException: The path to the driver executable The path to the driver executable must be set by the webdriver.chrome.driver system property; for more information, see https://chromedriver.chromium.org/. The latest version can be downloaded from https://chromedriver.chromium.org/downloads
at org.openqa.selenium.internal.Require$StateChecker.nonNull(Require.java:314)
at org.openqa.selenium.remote.service.DriverService.findExecutable(DriverService.java:149)
at org.openqa.selenium.chrome.ChromeDriverService.access$000(ChromeDriverService.java:42)
at org.openqa.selenium.chrome.ChromeDriverService$Builder.findDefaultExecutable(ChromeDriverService.java:315)
at org.openqa.selenium.remote.service.DriverService$Builder.build(DriverService.java:456)
at org.openqa.selenium.chrome.ChromeDriverService.createDefaultService(ChromeDriverService.java:147)
at org.openqa.selenium.chrome.ChromeDriver.<init>(ChromeDriver.java:50)
at stepDefs.GooglePagestepDefs.user_is_on_the_google_homepage(GooglePagestepDefs.java:22)
at ✽.User is on the Google homepage(file:///C:/Users/user/eclipse-workspace/BDDSamples/src/test/resources/features/GooglePageSearch.feature:4)
]]>
    </error>
  </testcase> <!-- runScenario -->
  <system-out/>
</testsuite> <!-- runners.GooglePageRunner -->
